<?xml version="1.0" encoding="UTF-8"?>
<!-- Generated by org.testng.reporters.JUnitXMLReporter -->
<testsuite hostname="FHLT0014" ignored="0" name="Default test" tests="3" failures="0" timestamp="2019-10-11T09:25:20 IST" time="5.513" errors="0">
  <testcase name="InvokeBrw" time="4.103" classname="sample_Test.InvokeBrowser"/>
  <testcase name="printInkBrw" time="1.18" classname="sample_Test.InvokeBrowser"/>
  <testcase name="brwClose" time="0.172" classname="sample_Test.InvokeBrowser"/>
</testsuite> <!-- Default test -->
