<?xml version="1.0" encoding="UTF-8"?>
<!-- Generated by org.testng.reporters.JUnitXMLReporter -->
<testsuite hostname="FHLT0014" ignored="3" name="Default test" tests="2" failures="0" timestamp="2019-10-11T12:35:54 IST" time="6.931" errors="0">
  <testcase name="openBrowser" time="6.277" classname="sample_Test.SeleniumBasics"/>
  <testcase name="lbldetails" time="0.604" classname="sample_Test.SeleniumBasics"/>
  <testcase name="getExcelData" time="0.0" classname="sample_Test.SeleniumBasics">
    <ignored/>
  </testcase> <!-- getExcelData -->
  <testcase name="scnshot" time="0.0" classname="sample_Test.SeleniumBasics">
    <ignored/>
  </testcase> <!-- scnshot -->
  <testcase name="test1" time="0.0" classname="sample_Test.SeleniumBasics">
    <ignored/>
  </testcase> <!-- test1 -->
</testsuite> <!-- Default test -->
