<?xml version="1.0" encoding="UTF-8"?>
<testng-results skipped="0" failed="0" ignored="0" total="1" passed="1">
  <reporter-output>
  </reporter-output>
  <suite name="Default suite" duration-ms="749" started-at="2019-10-14T16:38:48 IST" finished-at="2019-10-14T16:38:49 IST">
    <groups>
    </groups>
    <test name="Default test" duration-ms="749" started-at="2019-10-14T16:38:48 IST" finished-at="2019-10-14T16:38:49 IST">
      <class name="sample_Test.WriteDatainExcel">
        <test-method status="PASS" signature="writeExcelData()[pri:0, instance:sample_Test.WriteDatainExcel@60438a68]" name="writeExcelData" duration-ms="708" started-at="2019-10-14T16:38:48 IST" finished-at="2019-10-14T16:38:49 IST">
          <reporter-output>
          </reporter-output>
        </test-method> <!-- writeExcelData -->
      </class> <!-- sample_Test.WriteDatainExcel -->
    </test> <!-- Default test -->
  </suite> <!-- Default suite -->
</testng-results>
