<?xml version="1.0" encoding="UTF-8"?>
<testng-results skipped="0" failed="0" ignored="0" total="1" passed="1">
  <reporter-output>
  </reporter-output>
  <suite name="Default suite" duration-ms="10488" started-at="2019-10-14T12:22:53 IST" finished-at="2019-10-14T12:23:03 IST">
    <groups>
    </groups>
    <test name="Default test" duration-ms="10488" started-at="2019-10-14T12:22:53 IST" finished-at="2019-10-14T12:23:03 IST">
      <class name="sample_Test.AutoComplete_TextBox">
        <test-method status="PASS" signature="selectValues()[pri:0, instance:sample_Test.AutoComplete_TextBox@60438a68]" name="selectValues" duration-ms="10437" started-at="2019-10-14T12:22:53 IST" finished-at="2019-10-14T12:23:03 IST">
          <reporter-output>
          </reporter-output>
        </test-method> <!-- selectValues -->
      </class> <!-- sample_Test.AutoComplete_TextBox -->
    </test> <!-- Default test -->
  </suite> <!-- Default suite -->
</testng-results>
